<?xml version="1.0" encoding="UTF-8"?>
<!-- Generated by org.testng.reporters.JUnitReportReporter -->
<testsuite hostname="DESKTOP-Q3CJFLA" name="com.zee5.ApplicasterScripts.Android_LandingScreen_TopNavigation" tests="9" failures="0" timestamp="20 Aug 2020 10:04:48 GMT" time="1382.756" errors="1">
  <testcase name="Zee5Originals_LandingScreen" time="118.163" classname="com.zee5.ApplicasterScripts.Android_LandingScreen_TopNavigation"/>
  <testcase name="Premium_LandingScreen" time="143.732" classname="com.zee5.ApplicasterScripts.Android_LandingScreen_TopNavigation"/>
  <testcase name="Home_LandingScreen" time="200.614" classname="com.zee5.ApplicasterScripts.Android_LandingScreen_TopNavigation">
    <error type="java.lang.NullPointerException">
      <![CDATA[java.lang.NullPointerException
	at com.business.zee.Zee5ApplicasterBusinessLogic.findingTrayInscreen(Zee5ApplicasterBusinessLogic.java:3980)
	at com.business.zee.Zee5ApplicasterBusinessLogic.homeLandingScreen(Zee5ApplicasterBusinessLogic.java:3616)
	at com.zee5.ApplicasterScripts.Android_LandingScreen_TopNavigation.Home_LandingScreen(Android_LandingScreen_TopNavigation.java:34)
	at sun.reflect.NativeMethodAccessorImpl.invoke0(Native Method)
	at sun.reflect.NativeMethodAccessorImpl.invoke(Unknown Source)
	at sun.reflect.DelegatingMethodAccessorImpl.invoke(Unknown Source)
	at java.lang.reflect.Method.invoke(Unknown Source)
	at org.testng.internal.MethodInvocationHelper.invokeMethod(MethodInvocationHelper.java:86)
	at org.testng.internal.Invoker.invokeMethod(Invoker.java:643)
	at org.testng.internal.Invoker.invokeTestMethod(Invoker.java:820)
	at org.testng.internal.Invoker.invokeTestMethods(Invoker.java:1128)
	at org.testng.internal.TestMethodWorker.invokeTestMethods(TestMethodWorker.java:129)
	at org.testng.internal.TestMethodWorker.run(TestMethodWorker.java:112)
	at org.testng.TestRunner.privateRun(TestRunner.java:782)
	at org.testng.TestRunner.run(TestRunner.java:632)
	at org.testng.SuiteRunner.runTest(SuiteRunner.java:366)
	at org.testng.SuiteRunner.runSequentially(SuiteRunner.java:361)
	at org.testng.SuiteRunner.privateRun(SuiteRunner.java:319)
	at org.testng.SuiteRunner.run(SuiteRunner.java:268)
	at org.testng.SuiteRunnerWorker.runSuite(SuiteRunnerWorker.java:52)
	at org.testng.SuiteRunnerWorker.run(SuiteRunnerWorker.java:86)
	at org.testng.TestNG.runSuitesSequentially(TestNG.java:1244)
	at org.testng.TestNG.runSuitesLocally(TestNG.java:1169)
	at org.testng.TestNG.run(TestNG.java:1064)
	at org.testng.remote.AbstractRemoteTestNG.run(AbstractRemoteTestNG.java:115)
	at org.testng.remote.RemoteTestNG.initAndRun(RemoteTestNG.java:251)
	at org.testng.remote.RemoteTestNG.main(RemoteTestNG.java:77)
]]>
    </error>
  </testcase> <!-- Home_LandingScreen -->
  <testcase name="Login" time="61.420" classname="com.zee5.ApplicasterScripts.Android_LandingScreen_TopNavigation"/>
  <testcase name="Movies_LandingScreen" time="282.228" classname="com.zee5.ApplicasterScripts.Android_LandingScreen_TopNavigation"/>
  <testcase name="Kids_LandingScreen" time="383.544" classname="com.zee5.ApplicasterScripts.Android_LandingScreen_TopNavigation"/>
  <testcase name="LiveTV_landingScreen" time="70.389" classname="com.zee5.ApplicasterScripts.Android_LandingScreen_TopNavigation"/>
  <testcase name="ChannelGuide_LandingScreen" time="11.701" classname="com.zee5.ApplicasterScripts.Android_LandingScreen_TopNavigation"/>
  <testcase name="Music_LandingScreen" time="110.965" classname="com.zee5.ApplicasterScripts.Android_LandingScreen_TopNavigation"/>
</testsuite> <!-- com.zee5.ApplicasterScripts.Android_LandingScreen_TopNavigation -->
