<?xml version="1.0" encoding="UTF-8"?>
<!-- Generated by org.testng.reporters.JUnitReportReporter -->
<testsuite hostname="ZL-MU-MT-MAC139.local" name="com.zee5.PWASanityScripts.WebPWASanityScript" tests="1" failures="0" timestamp="9 Sep 2020 07:06:13 GMT" time="0.015" errors="0">
  <testcase name="PWAWEBLogin" time="0.015" classname="com.zee5.PWASanityScripts.WebPWASanityScript"/>
</testsuite> <!-- com.zee5.PWASanityScripts.WebPWASanityScript -->
