<?xml version="1.0" encoding="UTF-8"?>
<!-- Generated by org.testng.reporters.JUnitReportReporter -->
<testsuite hostname="DESKTOP-Q3CJFLA" name="com.zee5.ApplicasterScripts.Android_MoreScreen" tests="1" failures="0" timestamp="28 Aug 2020 10:15:06 GMT" time="99.836" errors="0">
  <testcase name="MyWatchlist" time="99.836" classname="com.zee5.ApplicasterScripts.Android_MoreScreen"/>
</testsuite> <!-- com.zee5.ApplicasterScripts.Android_MoreScreen -->
